This is pdfTeX, Version 3.14159265-2.6-1.40.21 (TeX Live 2020) (preloaded format=pdflatex 2021.3.22)  15 MAY 2021 10:03
entering extended mode
 restricted \write18 enabled.
 %&-line parsing enabled.
**appendix9.tex
(./appendix9.tex
LaTeX2e <2020-02-02> patch level 5
L3 programming layer <2020-03-06>
! Undefined control sequence.
l.1 \chapter
            {–§–æ—Ä–º–∞ –∑–∞–≥—Ä—É–∑–∫–∏ —Ç–∏–ø–æ–≤ –∞—Ç—Ç–µ—Å—Ç–∞—Ü–∏–π}\la...
The control sequence at the end of the top line
of your error message was never \def'ed. If you have
misspelled it (e.g., `\hobx'), type `I' and the correct
spelling (e.g., `I\hbox'). Otherwise just continue,
and I'll forget about whatever was undefined.


! Package inputenc Error: Unicode character –§ (U+0424)
(inputenc)                not set up for use with LaTeX.

See the inputenc package documentation for explanation.
Type  H <return>  for immediate help.
 ...                                              
                                                  
l.1 \chapter{–§
               –æ—Ä–º–∞ –∑–∞–≥—Ä—É–∑–∫–∏ —Ç–∏–ø–æ–≤ –∞—Ç—Ç–µ—Å—Ç–∞—Ü–∏–π}\la...

You may provide a definition with
\DeclareUnicodeCharacter 


! Package inputenc Error: Unicode character –æ (U+043E)
(inputenc)                not set up for use with LaTeX.

See the inputenc package documentation for explanation.
Type  H <return>  for immediate help.
 ...                                              
                                                  
l.1 \chapter{–§–æ
                 —Ä–º–∞ –∑–∞–≥—Ä—É–∑–∫–∏ —Ç–∏–ø–æ–≤ –∞—Ç—Ç–µ—Å—Ç–∞—Ü–∏–π}\la...

You may provide a definition with
\DeclareUnicodeCharacter 


! Package inputenc Error: Unicode character —Ä (U+0440)
(inputenc)                not set up for use with LaTeX.

See the inputenc package documentation for explanation.
Type  H <return>  for immediate help.
 ...                                              
                                                  
l.1 \chapter{–§–æ—Ä
                   –º–∞ –∑–∞–≥—Ä—É–∑–∫–∏ —Ç–∏–ø–æ–≤ –∞—Ç—Ç–µ—Å—Ç–∞—Ü–∏–π}\la...

You may provide a definition with
\DeclareUnicodeCharacter 


! Package inputenc Error: Unicode character –º (U+043C)
(inputenc)                not set up for use with LaTeX.

See the inputenc package documentation for explanation.
Type  H <return>  for immediate help.
 ...                                              
                                                  
l.1 \chapter{–§–æ—Ä–º
                     –∞ –∑–∞–≥—Ä—É–∑–∫–∏ —Ç–∏–ø–æ–≤ –∞—Ç—Ç–µ—Å—Ç–∞—Ü–∏–π}\la...

You may provide a definition with
\DeclareUnicodeCharacter 


! Package inputenc Error: Unicode character –∞ (U+0430)
(inputenc)                not set up for use with LaTeX.

See the inputenc package documentation for explanation.
Type  H <return>  for immediate help.
 ...                                              
                                                  
l.1 \chapter{–§–æ—Ä–º–∞
                        –∑–∞–≥—Ä—É–∑–∫–∏ —Ç–∏–ø–æ–≤ –∞—Ç—Ç–µ—Å—Ç–∞—Ü–∏–π}\la...

You may provide a definition with
\DeclareUnicodeCharacter 


! Package inputenc Error: Unicode character –∑ (U+0437)
(inputenc)                not set up for use with LaTeX.

See the inputenc package documentation for explanation.
Type  H <return>  for immediate help.
 ...                                              
                                                  
l.1 \chapter{–§–æ—Ä–º–∞ –∑
                          –∞–≥—Ä—É–∑–∫–∏ —Ç–∏–ø–æ–≤ –∞—Ç—Ç–µ—Å—Ç–∞—Ü–∏–π}\la...

You may provide a definition with
\DeclareUnicodeCharacter 


! Package inputenc Error: Unicode character –∞ (U+0430)
(inputenc)                not set up for use with LaTeX.

See the inputenc package documentation for explanation.
Type  H <return>  for immediate help.
 ...                                              
                                                  
l.1 \chapter{–§–æ—Ä–º–∞ –∑–∞
                            –≥—Ä—É–∑–∫–∏ —Ç–∏–ø–æ–≤ –∞—Ç—Ç–µ—Å—Ç–∞—Ü–∏–π}\la...

You may provide a definition with
\DeclareUnicodeCharacter 


! Package inputenc Error: Unicode character –≥ (U+0433)
(inputenc)                not set up for use with LaTeX.

See the inputenc package documentation for explanation.
Type  H <return>  for immediate help.
 ...                                              
                                                  
l.1 \chapter{–§–æ—Ä–º–∞ –∑–∞–≥
                              —Ä—É–∑–∫–∏ —Ç–∏–ø–æ–≤ –∞—Ç—Ç–µ—Å—Ç–∞—Ü–∏–π}\la...

You may provide a definition with
\DeclareUnicodeCharacter 


! Package inputenc Error: Unicode character —Ä (U+0440)
(inputenc)                not set up for use with LaTeX.

See the inputenc package documentation for explanation.
Type  H <return>  for immediate help.
 ...                                              
                                                  
l.1 \chapter{–§–æ—Ä–º–∞ –∑–∞–≥—Ä
                                —É–∑–∫–∏ —Ç–∏–ø–æ–≤ –∞—Ç—Ç–µ—Å—Ç–∞—Ü–∏–π}\la...

You may provide a definition with
\DeclareUnicodeCharacter 


! Package inputenc Error: Unicode character —É (U+0443)
(inputenc)                not set up for use with LaTeX.

See the inputenc package documentation for explanation.
Type  H <return>  for immediate help.
 ...                                              
                                                  
l.1 \chapter{–§–æ—Ä–º–∞ –∑–∞–≥—Ä—É
                                  –∑–∫–∏ —Ç–∏–ø–æ–≤ –∞—Ç—Ç–µ—Å—Ç–∞—Ü–∏–π}\la...

You may provide a definition with
\DeclareUnicodeCharacter 


! Package inputenc Error: Unicode character –∑ (U+0437)
(inputenc)                not set up for use with LaTeX.

See the inputenc package documentation for explanation.
Type  H <return>  for immediate help.
 ...                                              
                                                  
l.1 \chapter{–§–æ—Ä–º–∞ –∑–∞–≥—Ä—É–∑
                                    –∫–∏ —Ç–∏–ø–æ–≤ –∞—Ç—Ç–µ—Å—Ç–∞—Ü–∏–π}\la...

You may provide a definition with
\DeclareUnicodeCharacter 


! Package inputenc Error: Unicode character –∫ (U+043A)
(inputenc)                not set up for use with LaTeX.

See the inputenc package documentation for explanation.
Type  H <return>  for immediate help.
 ...                                              
                                                  
l.1 \chapter{–§–æ—Ä–º–∞ –∑–∞–≥—Ä—É–∑–∫
                                      –∏ —Ç–∏–ø–æ–≤ –∞—Ç—Ç–µ—Å—Ç–∞—Ü–∏–π}\la...

You may provide a definition with
\DeclareUnicodeCharacter 


! Package inputenc Error: Unicode character –∏ (U+0438)
(inputenc)                not set up for use with LaTeX.

See the inputenc package documentation for explanation.
Type  H <return>  for immediate help.
 ...                                              
                                                  
l.1 \chapter{–§–æ—Ä–º–∞ –∑–∞–≥—Ä—É–∑–∫–∏
                                         —Ç–∏–ø–æ–≤ –∞—Ç—Ç–µ—Å—Ç–∞—Ü–∏–π}\la...

You may provide a definition with
\DeclareUnicodeCharacter 


! Package inputenc Error: Unicode character —Ç (U+0442)
(inputenc)                not set up for use with LaTeX.

See the inputenc package documentation for explanation.
Type  H <return>  for immediate help.
 ...                                              
                                                  
l.1 \chapter{–§–æ—Ä–º–∞ –∑–∞–≥—Ä—É–∑–∫–∏ —Ç
                                           –∏–ø–æ–≤ –∞—Ç—Ç–µ—Å—Ç–∞—Ü–∏–π}\la...

You may provide a definition with
\DeclareUnicodeCharacter 


! Package inputenc Error: Unicode character –∏ (U+0438)
(inputenc)                not set up for use with LaTeX.

See the inputenc package documentation for explanation.
Type  H <return>  for immediate help.
 ...                                              
                                                  
l.1 \chapter{–§–æ—Ä–º–∞ –∑–∞–≥—Ä—É–∑–∫–∏ —Ç–∏
                                             –ø–æ–≤ –∞—Ç—Ç–µ—Å—Ç–∞—Ü–∏–π}\la...

You may provide a definition with
\DeclareUnicodeCharacter 


! Package inputenc Error: Unicode character –ø (U+043F)
(inputenc)                not set up for use with LaTeX.

See the inputenc package documentation for explanation.
Type  H <return>  for immediate help.
 ...                                              
                                                  
l.1 \chapter{–§–æ—Ä–º–∞ –∑–∞–≥—Ä—É–∑–∫–∏ —Ç–∏–ø
                                               –æ–≤ –∞—Ç—Ç–µ—Å—Ç–∞—Ü–∏–π}\la...

You may provide a definition with
\DeclareUnicodeCharacter 


! Package inputenc Error: Unicode character –æ (U+043E)
(inputenc)                not set up for use with LaTeX.

See the inputenc package documentation for explanation.
Type  H <return>  for immediate help.
 ...                                              
                                                  
l.1 \chapter{–§–æ—Ä–º–∞ –∑–∞–≥—Ä—É–∑–∫–∏ —Ç–∏–ø–æ
                                                 –≤ –∞—Ç—Ç–µ—Å—Ç–∞—Ü–∏–π}\la...

You may provide a definition with
\DeclareUnicodeCharacter 


! Package inputenc Error: Unicode character –≤ (U+0432)
(inputenc)                not set up for use with LaTeX.

See the inputenc package documentation for explanation.
Type  H <return>  for immediate help.
 ...                                              
                                                  
l.1 ...pter{–§–æ—Ä–º–∞ –∑–∞–≥—Ä—É–∑–∫–∏ —Ç–∏–ø–æ–≤
                                                   –∞—Ç—Ç–µ—Å—Ç–∞—Ü–∏–π}\lab...

You may provide a definition with
\DeclareUnicodeCharacter 


! Package inputenc Error: Unicode character –∞ (U+0430)
(inputenc)                not set up for use with LaTeX.

See the inputenc package documentation for explanation.
Type  H <return>  for immediate help.
 ...                                              
                                                  
l.1 ...r{–§–æ—Ä–º–∞ –∑–∞–≥—Ä—É–∑–∫–∏ —Ç–∏–ø–æ–≤ –∞
                                                  —Ç—Ç–µ—Å—Ç–∞—Ü–∏–π}\label{...

You may provide a definition with
\DeclareUnicodeCharacter 


! Package inputenc Error: Unicode character —Ç (U+0442)
(inputenc)                not set up for use with LaTeX.

See the inputenc package documentation for explanation.
Type  H <return>  for immediate help.
 ...                                              
                                                  
l.1 ...–§–æ—Ä–º–∞ –∑–∞–≥—Ä—É–∑–∫–∏ —Ç–∏–ø–æ–≤ –∞—Ç
                                                  —Ç–µ—Å—Ç–∞—Ü–∏–π}\label{ap...

You may provide a definition with
\DeclareUnicodeCharacter 


! Package inputenc Error: Unicode character —Ç (U+0442)
(inputenc)                not set up for use with LaTeX.

See the inputenc package documentation for explanation.
Type  H <return>  for immediate help.
 ...                                              
                                                  
l.1 ...–æ—Ä–º–∞ –∑–∞–≥—Ä—É–∑–∫–∏ —Ç–∏–ø–æ–≤ –∞—Ç—Ç
                                                  –µ—Å—Ç–∞—Ü–∏–π}\label{appe...

You may provide a definition with
\DeclareUnicodeCharacter 


! Package inputenc Error: Unicode character –µ (U+0435)
(inputenc)                not set up for use with LaTeX.

See the inputenc package documentation for explanation.
Type  H <return>  for immediate help.
 ...                                              
                                                  
l.1 ...—Ä–º–∞ –∑–∞–≥—Ä—É–∑–∫–∏ —Ç–∏–ø–æ–≤ –∞—Ç—Ç–µ
                                                  —Å—Ç–∞—Ü–∏–π}\label{append...

You may provide a definition with
\DeclareUnicodeCharacter 


! Package inputenc Error: Unicode character —Å (U+0441)
(inputenc)                not set up for use with LaTeX.

See the inputenc package documentation for explanation.
Type  H <return>  for immediate help.
 ...                                              
                                                  
l.1 ...–º–∞ –∑–∞–≥—Ä—É–∑–∫–∏ —Ç–∏–ø–æ–≤ –∞—Ç—Ç–µ—Å
                                                  —Ç–∞—Ü–∏–π}\label{appendix...

You may provide a definition with
\DeclareUnicodeCharacter 


! Package inputenc Error: Unicode character —Ç (U+0442)
(inputenc)                not set up for use with LaTeX.

See the inputenc package documentation for explanation.
Type  H <return>  for immediate help.
 ...                                              
                                                  
l.1 ...–∞ –∑–∞–≥—Ä—É–∑–∫–∏ —Ç–∏–ø–æ–≤ –∞—Ç—Ç–µ—Å—Ç
                                                  –∞—Ü–∏–π}\label{appendix-a...

You may provide a definition with
\DeclareUnicodeCharacter 


! Package inputenc Error: Unicode character –∞ (U+0430)
(inputenc)                not set up for use with LaTeX.

See the inputenc package documentation for explanation.
Type  H <return>  for immediate help.
 ...                                              
                                                  
l.1 ... –∑–∞–≥—Ä—É–∑–∫–∏ —Ç–∏–ø–æ–≤ –∞—Ç—Ç–µ—Å—Ç–∞
                                                  —Ü–∏–π}\label{appendix-att}	
You may provide a definition with
\DeclareUnicodeCharacter 


! Package inputenc Error: Unicode character —Ü (U+0446)
(inputenc)                not set up for use with LaTeX.

See the inputenc package documentation for explanation.
Type  H <return>  for immediate help.
 ...                                              
                                                  
l.1 ...∑–∞–≥—Ä—É–∑–∫–∏ —Ç–∏–ø–æ–≤ –∞—Ç—Ç–µ—Å—Ç–∞—Ü
                                                  –∏–π}\label{appendix-att}	
You may provide a definition with
\DeclareUnicodeCharacter 


! Package inputenc Error: Unicode character –∏ (U+0438)
(inputenc)                not set up for use with LaTeX.

See the inputenc package documentation for explanation.
Type  H <return>  for immediate help.
 ...                                              
                                                  
l.1 ...∞–≥—Ä—É–∑–∫–∏ —Ç–∏–ø–æ–≤ –∞—Ç—Ç–µ—Å—Ç–∞—Ü–∏
                                                  –π}\label{appendix-att}	
You may provide a definition with
\DeclareUnicodeCharacter 


! Package inputenc Error: Unicode character –π (U+0439)
(inputenc)                not set up for use with LaTeX.

See the inputenc package documentation for explanation.
Type  H <return>  for immediate help.
 ...                                              
                                                  
l.1 ...≥—Ä—É–∑–∫–∏ —Ç–∏–ø–æ–≤ –∞—Ç—Ç–µ—Å—Ç–∞—Ü–∏–π
                                                  }\label{appendix-att}	
You may provide a definition with
\DeclareUnicodeCharacter 


! LaTeX Error: Environment lstlisting undefined.

See the LaTeX manual or LaTeX Companion for explanation.
Type  H <return>  for immediate help.
 ...                                              
                                                  
l.3 \begin{lstlisting}
                      
Your command was ignored.
Type  I <command> <return>  to replace it with another command,
or  <return>  to continue without it.


! LaTeX Error: Missing \begin{document}.

See the LaTeX manual or LaTeX Companion for explanation.
Type  H <return>  for immediate help.
 ...                                              
                                                  
l.4 	<
      !DOCTYPE html>
You're in trouble here.  Try typing  <return>  to proceed.
If that doesn't work, type  X <return>  to quit.

Missing character: There is no < in font nullfont!
Missing character: There is no ! in font nullfont!
Missing character: There is no D in font nullfont!
Missing character: There is no O in font nullfont!
Missing character: There is no C in font nullfont!
Missing character: There is no T in font nullfont!
Missing character: There is no Y in font nullfont!
Missing character: There is no P in font nullfont!
Missing character: There is no E in font nullfont!
Missing character: There is no h in font nullfont!
Missing character: There is no t in font nullfont!
Missing character: There is no m in font nullfont!
Missing character: There is no l in font nullfont!
Missing character: There is no > in font nullfont!
Missing character: There is no < in font nullfont!
Missing character: There is no h in font nullfont!
Missing character: There is no t in font nullfont!
Missing character: There is no m in font nullfont!
Missing character: There is no l in font nullfont!
Missing character: There is no d in font nullfont!
Missing character: There is no i in font nullfont!
Missing character: There is no r in font nullfont!
Missing character: There is no = in font nullfont!
Missing character: There is no " in font nullfont!
Missing character: There is no l in font nullfont!
Missing character: There is no t in font nullfont!
Missing character: There is no r in font nullfont!
Missing character: There is no " in font nullfont!
Missing character: There is no l in font nullfont!
Missing character: There is no a in font nullfont!
Missing character: There is no n in font nullfont!
Missing character: There is no g in font nullfont!
Missing character: There is no = in font nullfont!
Missing character: There is no " in font nullfont!
Missing character: There is no r in font nullfont!
Missing character: There is no u in font nullfont!
Missing character: There is no " in font nullfont!
Missing character: There is no x in font nullfont!
Missing character: There is no m in font nullfont!
Missing character: There is no l in font nullfont!
Missing character: There is no : in font nullfont!
Missing character: There is no l in font nullfont!
Missing character: There is no a in font nullfont!
Missing character: There is no n in font nullfont!
Missing character: There is no g in font nullfont!
Missing character: There is no = in font nullfont!
Missing character: There is no " in font nullfont!
Missing character: There is no r in font nullfont!
Missing character: There is no u in font nullfont!
Missing character: There is no " in font nullfont!
Missing character: There is no x in font nullfont!
Missing character: There is no m in font nullfont!
Missing character: There is no l in font nullfont!
Missing character: There is no n in font nullfont!
Missing character: There is no s in font nullfont!
Missing character: There is no : in font nullfont!
Missing character: There is no t in font nullfont!
Missing character: There is no h in font nullfont!
Missing character: There is no = in font nullfont!
Missing character: There is no " in font nullfont!
Missing character: There is no h in font nullfont!
Missing character: There is no t in font nullfont!
Missing character: There is no t in font nullfont!
Missing character: There is no p in font nullfont!
Missing character: There is no : in font nullfont!
Missing character: There is no / in font nullfont!
Missing character: There is no / in font nullfont!
Missing character: There is no w in font nullfont!
Missing character: There is no w in font nullfont!
Missing character: There is no w in font nullfont!
Missing character: There is no . in font nullfont!
Missing character: There is no w in font nullfont!
Missing character: There is no 3 in font nullfont!
Missing character: There is no . in font nullfont!
Missing character: There is no o in font nullfont!
Missing character: There is no r in font nullfont!
Missing character: There is no g in font nullfont!
Missing character: There is no / in font nullfont!
Missing character: There is no 1 in font nullfont!
Missing character: There is no 9 in font nullfont!
Missing character: There is no 9 in font nullfont!
Missing character: There is no 9 in font nullfont!
Missing character: There is no / in font nullfont!
Missing character: There is no x in font nullfont!
Missing character: There is no h in font nullfont!
Missing character: There is no t in font nullfont!
Missing character: There is no m in font nullfont!
Missing character: There is no l in font nullfont!
Missing character: There is no " in font nullfont!
Missing character: There is no > in font nullfont!
Missing character: There is no < in font nullfont!
Missing character: There is no h in font nullfont!
Missing character: There is no e in font nullfont!
Missing character: There is no a in font nullfont!
Missing character: There is no d in font nullfont!
Missing character: There is no > in font nullfont!
Missing character: There is no < in font nullfont!
Missing character: There is no t in font nullfont!
Missing character: There is no i in font nullfont!
Missing character: There is no t in font nullfont!
Missing character: There is no l in font nullfont!
Missing character: There is no e in font nullfont!
Missing character: There is no > in font nullfont!

! Package inputenc Error: Unicode character –ò (U+0418)
(inputenc)                not set up for use with LaTeX.

See the inputenc package documentation for explanation.
Type  H <return>  for immediate help.
 ...                                              
                                                  
l.7 	<title>–ò
              –ö–ù–¢: –Ω–∞—Å—Ç—Ä–æ–π–∫–∏ —Å–µ—Å—Å–∏–∏</title>
You may provide a definition with
\DeclareUnicodeCharacter 


! Package inputenc Error: Unicode character –ö (U+041A)
(inputenc)                not set up for use with LaTeX.

See the inputenc package documentation for explanation.
Type  H <return>  for immediate help.
 ...                                              
                                                  
l.7 	<title>–ò–ö
                –ù–¢: –Ω–∞—Å—Ç—Ä–æ–π–∫–∏ —Å–µ—Å—Å–∏–∏</title>
You may provide a definition with
\DeclareUnicodeCharacter 


! Package inputenc Error: Unicode character –ù (U+041D)
(inputenc)                not set up for use with LaTeX.

See the inputenc package documentation for explanation.
Type  H <return>  for immediate help.
 ...                                              
                                                  
l.7 	<title>–ò–ö–ù
                  –¢: –Ω–∞—Å—Ç—Ä–æ–π–∫–∏ —Å–µ—Å—Å–∏–∏</title>
You may provide a definition with
\DeclareUnicodeCharacter 


! Package inputenc Error: Unicode character –¢ (U+0422)
(inputenc)                not set up for use with LaTeX.

See the inputenc package documentation for explanation.
Type  H <return>  for immediate help.
 ...                                              
                                                  
l.7 	<title>–ò–ö–ù–¢
                    : –Ω–∞—Å—Ç—Ä–æ–π–∫–∏ —Å–µ—Å—Å–∏–∏</title>
You may provide a definition with
\DeclareUnicodeCharacter 

Missing character: There is no : in font nullfont!

! Package inputenc Error: Unicode character –Ω (U+043D)
(inputenc)                not set up for use with LaTeX.

See the inputenc package documentation for explanation.
Type  H <return>  for immediate help.
 ...                                              
                                                  
l.7 	<title>–ò–ö–ù–¢: –Ω
                        –∞—Å—Ç—Ä–æ–π–∫–∏ —Å–µ—Å—Å–∏–∏</title>
You may provide a definition with
\DeclareUnicodeCharacter 


! Package inputenc Error: Unicode character –∞ (U+0430)
(inputenc)                not set up for use with LaTeX.

See the inputenc package documentation for explanation.
Type  H <return>  for immediate help.
 ...                                              
                                                  
l.7 	<title>–ò–ö–ù–¢: –Ω–∞
                          —Å—Ç—Ä–æ–π–∫–∏ —Å–µ—Å—Å–∏–∏</title>
You may provide a definition with
\DeclareUnicodeCharacter 


! Package inputenc Error: Unicode character —Å (U+0441)
(inputenc)                not set up for use with LaTeX.

See the inputenc package documentation for explanation.
Type  H <return>  for immediate help.
 ...                                              
                                                  
l.7 	<title>–ò–ö–ù–¢: –Ω–∞—Å
                            —Ç—Ä–æ–π–∫–∏ —Å–µ—Å—Å–∏–∏</title>
You may provide a definition with
\DeclareUnicodeCharacter 


! Package inputenc Error: Unicode character —Ç (U+0442)
(inputenc)                not set up for use with LaTeX.

See the inputenc package documentation for explanation.
Type  H <return>  for immediate help.
 ...                                              
                                                  
l.7 	<title>–ò–ö–ù–¢: –Ω–∞—Å—Ç
                              —Ä–æ–π–∫–∏ —Å–µ—Å—Å–∏–∏</title>
You may provide a definition with
\DeclareUnicodeCharacter 


! Package inputenc Error: Unicode character —Ä (U+0440)
(inputenc)                not set up for use with LaTeX.

See the inputenc package documentation for explanation.
Type  H <return>  for immediate help.
 ...                                              
                                                  
l.7 	<title>–ò–ö–ù–¢: –Ω–∞—Å—Ç—Ä
                                –æ–π–∫–∏ —Å–µ—Å—Å–∏–∏</title>
You may provide a definition with
\DeclareUnicodeCharacter 


! Package inputenc Error: Unicode character –æ (U+043E)
(inputenc)                not set up for use with LaTeX.

See the inputenc package documentation for explanation.
Type  H <return>  for immediate help.
 ...                                              
                                                  
l.7 	<title>–ò–ö–ù–¢: –Ω–∞—Å—Ç—Ä–æ
                                  –π–∫–∏ —Å–µ—Å—Å–∏–∏</title>
You may provide a definition with
\DeclareUnicodeCharacter 


! Package inputenc Error: Unicode character –π (U+0439)
(inputenc)                not set up for use with LaTeX.

See the inputenc package documentation for explanation.
Type  H <return>  for immediate help.
 ...                                              
                                                  
l.7 	<title>–ò–ö–ù–¢: –Ω–∞—Å—Ç—Ä–æ–π
                                    –∫–∏ —Å–µ—Å—Å–∏–∏</title>
You may provide a definition with
\DeclareUnicodeCharacter 


! Package inputenc Error: Unicode character –∫ (U+043A)
(inputenc)                not set up for use with LaTeX.

See the inputenc package documentation for explanation.
Type  H <return>  for immediate help.
 ...                                              
                                                  
l.7 	<title>–ò–ö–ù–¢: –Ω–∞—Å—Ç—Ä–æ–π–∫
                                      –∏ —Å–µ—Å—Å–∏–∏</title>
You may provide a definition with
\DeclareUnicodeCharacter 


! Package inputenc Error: Unicode character –∏ (U+0438)
(inputenc)                not set up for use with LaTeX.

See the inputenc package documentation for explanation.
Type  H <return>  for immediate help.
 ...                                              
                                                  
l.7 	<title>–ò–ö–ù–¢: –Ω–∞—Å—Ç—Ä–æ–π–∫–∏
                                         —Å–µ—Å—Å–∏–∏</title>
You may provide a definition with
\DeclareUnicodeCharacter 


! Package inputenc Error: Unicode character —Å (U+0441)
(inputenc)                not set up for use with LaTeX.

See the inputenc package documentation for explanation.
Type  H <return>  for immediate help.
 ...                                              
                                                  
l.7 	<title>–ò–ö–ù–¢: –Ω–∞—Å—Ç—Ä–æ–π–∫–∏ —Å
                                           –µ—Å—Å–∏–∏</title>
You may provide a definition with
\DeclareUnicodeCharacter 


! Package inputenc Error: Unicode character –µ (U+0435)
(inputenc)                not set up for use with LaTeX.

See the inputenc package documentation for explanation.
Type  H <return>  for immediate help.
 ...                                              
                                                  
l.7 	<title>–ò–ö–ù–¢: –Ω–∞—Å—Ç—Ä–æ–π–∫–∏ —Å–µ
                                             —Å—Å–∏–∏</title>
You may provide a definition with
\DeclareUnicodeCharacter 


! Package inputenc Error: Unicode character —Å (U+0441)
(inputenc)                not set up for use with LaTeX.

See the inputenc package documentation for explanation.
Type  H <return>  for immediate help.
 ...                                              
                                                  
l.7 	<title>–ò–ö–ù–¢: –Ω–∞—Å—Ç—Ä–æ–π–∫–∏ —Å–µ—Å
                                               —Å–∏–∏</title>
You may provide a definition with
\DeclareUnicodeCharacter 


! Package inputenc Error: Unicode character —Å (U+0441)
(inputenc)                not set up for use with LaTeX.

See the inputenc package documentation for explanation.
Type  H <return>  for immediate help.
 ...                                              
                                                  
l.7 	<title>–ò–ö–ù–¢: –Ω–∞—Å—Ç—Ä–æ–π–∫–∏ —Å–µ—Å—Å
                                                 –∏–∏</title>
You may provide a definition with
\DeclareUnicodeCharacter 


! Package inputenc Error: Unicode character –∏ (U+0438)
(inputenc)                not set up for use with LaTeX.

See the inputenc package documentation for explanation.
Type  H <return>  for immediate help.
 ...                                              
                                                  
l.7 ...tle>–ò–ö–ù–¢: –Ω–∞—Å—Ç—Ä–æ–π–∫–∏ —Å–µ—Å—Å–∏
                                                  –∏</title>
You may provide a definition with
\DeclareUnicodeCharacter 


! Package inputenc Error: Unicode character –∏ (U+0438)
(inputenc)                not set up for use with LaTeX.

See the inputenc package documentation for explanation.
Type  H <return>  for immediate help.
 ...                                              
                                                  
l.7 ...e>–ò–ö–ù–¢: –Ω–∞—Å—Ç—Ä–æ–π–∫–∏ —Å–µ—Å—Å–∏–∏
                                                  </title>
You may provide a definition with
\DeclareUnicodeCharacter 

Missing character: There is no < in font nullfont!
Missing character: There is no / in font nullfont!
Missing character: There is no t in font nullfont!
Missing character: There is no i in font nullfont!
Missing character: There is no t in font nullfont!
Missing character: There is no l in font nullfont!
Missing character: There is no e in font nullfont!
Missing character: There is no > in font nullfont!
Missing character: There is no < in font nullfont!
Missing character: There is no m in font nullfont!
Missing character: There is no e in font nullfont!
Missing character: There is no t in font nullfont!
Missing character: There is no a in font nullfont!
Missing character: There is no h in font nullfont!
Missing character: There is no t in font nullfont!
Missing character: There is no t in font nullfont!
Missing character: There is no p in font nullfont!
Missing character: There is no - in font nullfont!
Missing character: There is no e in font nullfont!
Missing character: There is no q in font nullfont!
Missing character: There is no u in font nullfont!
Missing character: There is no i in font nullfont!
Missing character: There is no v in font nullfont!
Missing character: There is no = in font nullfont!
Missing character: There is no " in font nullfont!
Missing character: There is no C in font nullfont!
Missing character: There is no o in font nullfont!
Missing character: There is no n in font nullfont!
Missing character: There is no t in font nullfont!
Missing character: There is no e in font nullfont!
Missing character: There is no n in font nullfont!
Missing character: There is no t in font nullfont!
Missing character: There is no - in font nullfont!
Missing character: There is no T in font nullfont!
Missing character: There is no y in font nullfont!
Missing character: There is no p in font nullfont!
Missing character: There is no e in font nullfont!
Missing character: There is no " in font nullfont!
Missing character: There is no c in font nullfont!
Missing character: There is no o in font nullfont!
Missing character: There is no n in font nullfont!
Missing character: There is no t in font nullfont!
Missing character: There is no e in font nullfont!
Missing character: There is no n in font nullfont!
Missing character: There is no t in font nullfont!
Missing character: There is no = in font nullfont!
Missing character: There is no " in font nullfont!
Missing character: There is no t in font nullfont!
Missing character: There is no e in font nullfont!
Missing character: There is no x in font nullfont!
Missing character: There is no t in font nullfont!
Missing character: There is no / in font nullfont!
Missing character: There is no h in font nullfont!
Missing character: There is no t in font nullfont!
Missing character: There is no m in font nullfont!
Missing character: There is no l in font nullfont!
Missing character: There is no ; in font nullfont!
Missing character: There is no c in font nullfont!
Missing character: There is no h in font nullfont!
Missing character: There is no a in font nullfont!
Missing character: There is no r in font nullfont!
Missing character: There is no s in font nullfont!
Missing character: There is no e in font nullfont!
Missing character: There is no t in font nullfont!
Missing character: There is no = in font nullfont!
Missing character: There is no U in font nullfont!
Missing character: There is no T in font nullfont!
Missing character: There is no F in font nullfont!
Missing character: There is no - in font nullfont!
Missing character: There is no 8 in font nullfont!
Missing character: There is no " in font nullfont!
Missing character: There is no / in font nullfont!
Missing character: There is no > in font nullfont!
Missing character: There is no < in font nullfont!
Missing character: There is no m in font nullfont!
Missing character: There is no e in font nullfont!
Missing character: There is no t in font nullfont!
Missing character: There is no a in font nullfont!
Missing character: There is no n in font nullfont!
Missing character: There is no a in font nullfont!
Missing character: There is no m in font nullfont!
Missing character: There is no e in font nullfont!
Missing character: There is no = in font nullfont!
Missing character: There is no " in font nullfont!
! Missing $ inserted.
<inserted text> 
                $
l.9 	<meta name="_
                  csrf" th:content="${_csrf.token}"/>
I've inserted a begin-math/end-math symbol since I think
you left one out. Proceed, with fingers crossed.

LaTeX Font Info:    External font `cmex10' loaded for size
(Font)              <7> on input line 9.
LaTeX Font Info:    External font `cmex10' loaded for size
(Font)              <5> on input line 9.
! Missing $ inserted.
<inserted text> 
                $
l.9 	<meta name="_csrf" th:content="${_
                                       csrf.token}"/>
I've inserted a begin-math/end-math symbol since I think
you left one out. Proceed, with fingers crossed.

! Extra }, or forgotten $.
l.9 	<meta name="_csrf" th:content="${_csrf.token}
                                                  "/>
I've deleted a group-closing symbol because it seems to be
spurious, as in `$x}$'. But perhaps the } is legitimate and
you forgot something else, as in `\hbox{$x}'. In such cases
the way to recover is to insert both the forgotten and the
deleted material, e.g., by typing `I$}'.

! Missing $ inserted.
<inserted text> 
                $
l.10 	<meta name="_csrf_header" th:content="${_
                                               csrf.headerName}"/>
I've inserted a begin-math/end-math symbol since I think
you left one out. Proceed, with fingers crossed.

! Extra }, or forgotten $.
l.10 ...rf_header" th:content="${_csrf.headerName}
                                                  "/>
I've deleted a group-closing symbol because it seems to be
spurious, as in `$x}$'. But perhaps the } is legitimate and
you forgot something else, as in `\hbox{$x}'. In such cases
the way to recover is to insert both the forgotten and the
deleted material, e.g., by typing `I$}'.


! Package inputenc Error: Unicode character –ò (U+0418)
(inputenc)                not set up for use with LaTeX.

See the inputenc package documentation for explanation.
Type  H <return>  for immediate help.
 ...                                              
                                                  
l.14 	<meta name="keywords" content="–ò
                                       –ö–ù–¢: –Ω–∞—Å—Ç—Ä–æ–π–∫–∏ —Å–µ—Å—Å–∏...

You may provide a definition with
\DeclareUnicodeCharacter 


! Package inputenc Error: Unicode character –ö (U+041A)
(inputenc)                not set up for use with LaTeX.

See the inputenc package documentation for explanation.
Type  H <return>  for immediate help.
 ...                                              
                                                  
l.14 	<meta name="keywords" content="–ò–ö
                                         –ù–¢: –Ω–∞—Å—Ç—Ä–æ–π–∫–∏ —Å–µ—Å—Å–∏...

You may provide a definition with
\DeclareUnicodeCharacter 


! Package inputenc Error: Unicode character –ù (U+041D)
(inputenc)                not set up for use with LaTeX.

See the inputenc package documentation for explanation.
Type  H <return>  for immediate help.
 ...                                              
                                                  
l.14 	<meta name="keywords" content="–ò–ö–ù
                                           –¢: –Ω–∞—Å—Ç—Ä–æ–π–∫–∏ —Å–µ—Å—Å–∏...

You may provide a definition with
\DeclareUnicodeCharacter 


! Package inputenc Error: Unicode character –¢ (U+0422)
(inputenc)                not set up for use with LaTeX.

See the inputenc package documentation for explanation.
Type  H <return>  for immediate help.
 ...                                              
                                                  
l.14 	<meta name="keywords" content="–ò–ö–ù–¢
                                             : –Ω–∞—Å—Ç—Ä–æ–π–∫–∏ —Å–µ—Å—Å–∏...

You may provide a definition with
\DeclareUnicodeCharacter 


! Package inputenc Error: Unicode character –Ω (U+043D)
(inputenc)                not set up for use with LaTeX.

See the inputenc package documentation for explanation.
Type  H <return>  for immediate help.
 ...                                              
                                                  
l.14 	<meta name="keywords" content="–ò–ö–ù–¢: –Ω
                                                 –∞—Å—Ç—Ä–æ–π–∫–∏ —Å–µ—Å—Å–∏...

You may provide a definition with
\DeclareUnicodeCharacter 


! Package inputenc Error: Unicode character –∞ (U+0430)
(inputenc)                not set up for use with LaTeX.

See the inputenc package documentation for explanation.
Type  H <return>  for immediate help.
 ...                                              
                                                  
l.14 ...ta name="keywords" content="–ò–ö–ù–¢: –Ω–∞
                                                  —Å—Ç—Ä–æ–π–∫–∏ —Å–µ—Å—Å–∏–...

You may provide a definition with
\DeclareUnicodeCharacter 


! Package inputenc Error: Unicode character —Å (U+0441)
(inputenc)                not set up for use with LaTeX.

See the inputenc package documentation for explanation.
Type  H <return>  for immediate help.
 ...                                              
                                                  
l.14 ... name="keywords" content="–ò–ö–ù–¢: –Ω–∞—Å
                                                  —Ç—Ä–æ–π–∫–∏ —Å–µ—Å—Å–∏–∏"/>
You may provide a definition with
\DeclareUnicodeCharacter 


! Package inputenc Error: Unicode character —Ç (U+0442)
(inputenc)                not set up for use with LaTeX.

See the inputenc package documentation for explanation.
Type  H <return>  for immediate help.
 ...                                              
                                                  
l.14 ...ame="keywords" content="–ò–ö–ù–¢: –Ω–∞—Å—Ç
                                                  —Ä–æ–π–∫–∏ —Å–µ—Å—Å–∏–∏"/>
You may provide a definition with
\DeclareUnicodeCharacter 


! Package inputenc Error: Unicode character —Ä (U+0440)
(inputenc)                not set up for use with LaTeX.

See the inputenc package documentation for explanation.
Type  H <return>  for immediate help.
 ...                                              
                                                  
l.14 ...e="keywords" content="–ò–ö–ù–¢: –Ω–∞—Å—Ç—Ä
                                                  –æ–π–∫–∏ —Å–µ—Å—Å–∏–∏"/>
You may provide a definition with
\DeclareUnicodeCharacter 


! Package inputenc Error: Unicode character –æ (U+043E)
(inputenc)                not set up for use with LaTeX.

See the inputenc package documentation for explanation.
Type  H <return>  for immediate help.
 ...                                              
                                                  
l.14 ..."keywords" content="–ò–ö–ù–¢: –Ω–∞—Å—Ç—Ä–æ
                                                  –π–∫–∏ —Å–µ—Å—Å–∏–∏"/>
You may provide a definition with
\DeclareUnicodeCharacter 


! Package inputenc Error: Unicode character –π (U+0439)
(inputenc)                not set up for use with LaTeX.

See the inputenc package documentation for explanation.
Type  H <return>  for immediate help.
 ...                                              
                                                  
l.14 ...eywords" content="–ò–ö–ù–¢: –Ω–∞—Å—Ç—Ä–æ–π
                                                  –∫–∏ —Å–µ—Å—Å–∏–∏"/>
You may provide a definition with
\DeclareUnicodeCharacter 


! Package inputenc Error: Unicode character –∫ (U+043A)
(inputenc)                not set up for use with LaTeX.

See the inputenc package documentation for explanation.
Type  H <return>  for immediate help.
 ...                                              
                                                  
l.14 ...words" content="–ò–ö–ù–¢: –Ω–∞—Å—Ç—Ä–æ–π–∫
                                                  –∏ —Å–µ—Å—Å–∏–∏"/>
You may provide a definition with
\DeclareUnicodeCharacter 


! Package inputenc Error: Unicode character –∏ (U+0438)
(inputenc)                not set up for use with LaTeX.

See the inputenc package documentation for explanation.
Type  H <return>  for immediate help.
 ...                                              
                                                  
l.14 ...rds" content="–ò–ö–ù–¢: –Ω–∞—Å—Ç—Ä–æ–π–∫–∏
                                                   —Å–µ—Å—Å–∏–∏"/>
You may provide a definition with
\DeclareUnicodeCharacter 


! Package inputenc Error: Unicode character —Å (U+0441)
(inputenc)                not set up for use with LaTeX.

See the inputenc package documentation for explanation.
Type  H <return>  for immediate help.
 ...                                              
                                                  
l.14 ..." content="–ò–ö–ù–¢: –Ω–∞—Å—Ç—Ä–æ–π–∫–∏ —Å
                                                  –µ—Å—Å–∏–∏"/>
You may provide a definition with
\DeclareUnicodeCharacter 


! Package inputenc Error: Unicode character –µ (U+0435)
(inputenc)                not set up for use with LaTeX.

See the inputenc package documentation for explanation.
Type  H <return>  for immediate help.
 ...                                              
                                                  
l.14 ...content="–ò–ö–ù–¢: –Ω–∞—Å—Ç—Ä–æ–π–∫–∏ —Å–µ
                                                  —Å—Å–∏–∏"/>
You may provide a definition with
\DeclareUnicodeCharacter 


! Package inputenc Error: Unicode character —Å (U+0441)
(inputenc)                not set up for use with LaTeX.

See the inputenc package documentation for explanation.
Type  H <return>  for immediate help.
 ...                                              
                                                  
l.14 ...ntent="–ò–ö–ù–¢: –Ω–∞—Å—Ç—Ä–æ–π–∫–∏ —Å–µ—Å
                                                  —Å–∏–∏"/>
You may provide a definition with
\DeclareUnicodeCharacter 


! Package inputenc Error: Unicode character —Å (U+0441)
(inputenc)                not set up for use with LaTeX.

See the inputenc package documentation for explanation.
Type  H <return>  for immediate help.
 ...                                              
                                                  
l.14 ...ent="–ò–ö–ù–¢: –Ω–∞—Å—Ç—Ä–æ–π–∫–∏ —Å–µ—Å—Å
                                                  –∏–∏"/>
You may provide a definition with
\DeclareUnicodeCharacter 


! Package inputenc Error: Unicode character –∏ (U+0438)
(inputenc)                not set up for use with LaTeX.

See the inputenc package documentation for explanation.
Type  H <return>  for immediate help.
 ...                                              
                                                  
l.14 ...t="–ò–ö–ù–¢: –Ω–∞—Å—Ç—Ä–æ–π–∫–∏ —Å–µ—Å—Å–∏
                                                  –∏"/>
You may provide a definition with
\DeclareUnicodeCharacter 


! Package inputenc Error: Unicode character –∏ (U+0438)
(inputenc)                not set up for use with LaTeX.

See the inputenc package documentation for explanation.
Type  H <return>  for immediate help.
 ...                                              
                                                  
l.14 ..."–ò–ö–ù–¢: –Ω–∞—Å—Ç—Ä–æ–π–∫–∏ —Å–µ—Å—Å–∏–∏
                                                  "/>
You may provide a definition with
\DeclareUnicodeCharacter 


! Package inputenc Error: Unicode character –ù (U+041D)
(inputenc)                not set up for use with LaTeX.

See the inputenc package documentation for explanation.
Type  H <return>  for immediate help.
 ...                                              
                                                  
l.20 	<h2>–ù
            –∞—Å—Ç—Ä–æ–π–∫–∏ —Å–µ—Å—Å–∏–∏</h2>
You may provide a definition with
\DeclareUnicodeCharacter 


! Package inputenc Error: Unicode character –∞ (U+0430)
(inputenc)                not set up for use with LaTeX.

See the inputenc package documentation for explanation.
Type  H <return>  for immediate help.
 ...                                              
                                                  
l.20 	<h2>–ù–∞
              —Å—Ç—Ä–æ–π–∫–∏ —Å–µ—Å—Å–∏–∏</h2>
You may provide a definition with
\DeclareUnicodeCharacter 


! Package inputenc Error: Unicode character —Å (U+0441)
(inputenc)                not set up for use with LaTeX.

See the inputenc package documentation for explanation.
Type  H <return>  for immediate help.
 ...                                              
                                                  
l.20 	<h2>–ù–∞—Å
                —Ç—Ä–æ–π–∫–∏ —Å–µ—Å—Å–∏–∏</h2>
You may provide a definition with
\DeclareUnicodeCharacter 


! Package inputenc Error: Unicode character —Ç (U+0442)
(inputenc)                not set up for use with LaTeX.

See the inputenc package documentation for explanation.
Type  H <return>  for immediate help.
 ...                                              
                                                  
l.20 	<h2>–ù–∞—Å—Ç
                  —Ä–æ–π–∫–∏ —Å–µ—Å—Å–∏–∏</h2>
You may provide a definition with
\DeclareUnicodeCharacter 


! Package inputenc Error: Unicode character —Ä (U+0440)
(inputenc)                not set up for use with LaTeX.

See the inputenc package documentation for explanation.
Type  H <return>  for immediate help.
 ...                                              
                                                  
l.20 	<h2>–ù–∞—Å—Ç—Ä
                    –æ–π–∫–∏ —Å–µ—Å—Å–∏–∏</h2>
You may provide a definition with
\DeclareUnicodeCharacter 


! Package inputenc Error: Unicode character –æ (U+043E)
(inputenc)                not set up for use with LaTeX.

See the inputenc package documentation for explanation.
Type  H <return>  for immediate help.
 ...                                              
                                                  
l.20 	<h2>–ù–∞—Å—Ç—Ä–æ
                      –π–∫–∏ —Å–µ—Å—Å–∏–∏</h2>
You may provide a definition with
\DeclareUnicodeCharacter 


! Package inputenc Error: Unicode character –π (U+0439)
(inputenc)                not set up for use with LaTeX.

See the inputenc package documentation for explanation.
Type  H <return>  for immediate help.
 ...                                              
                                                  
l.20 	<h2>–ù–∞—Å—Ç—Ä–æ–π
                        –∫–∏ —Å–µ—Å—Å–∏–∏</h2>
You may provide a definition with
\DeclareUnicodeCharacter 


! Package inputenc Error: Unicode character –∫ (U+043A)
(inputenc)                not set up for use with LaTeX.

See the inputenc package documentation for explanation.
Type  H <return>  for immediate help.
 ...                                              
                                                  
l.20 	<h2>–ù–∞—Å—Ç—Ä–æ–π–∫
                          –∏ —Å–µ—Å—Å–∏–∏</h2>
You may provide a definition with
\DeclareUnicodeCharacter 


! Package inputenc Error: Unicode character –∏ (U+0438)
(inputenc)                not set up for use with LaTeX.

See the inputenc package documentation for explanation.
Type  H <return>  for immediate help.
 ...                                              
                                                  
l.20 	<h2>–ù–∞—Å—Ç—Ä–æ–π–∫–∏
                             —Å–µ—Å—Å–∏–∏</h2>
You may provide a definition with
\DeclareUnicodeCharacter 


! Package inputenc Error: Unicode character —Å (U+0441)
(inputenc)                not set up for use with LaTeX.

See the inputenc package documentation for explanation.
Type  H <return>  for immediate help.
 ...                                              
                                                  
l.20 	<h2>–ù–∞—Å—Ç—Ä–æ–π–∫–∏ —Å
                               –µ—Å—Å–∏–∏</h2>
You may provide a definition with
\DeclareUnicodeCharacter 


! Package inputenc Error: Unicode character –µ (U+0435)
(inputenc)                not set up for use with LaTeX.

See the inputenc package documentation for explanation.
Type  H <return>  for immediate help.
 ...                                              
                                                  
l.20 	<h2>–ù–∞—Å—Ç—Ä–æ–π–∫–∏ —Å–µ
                                 —Å—Å–∏–∏</h2>
You may provide a definition with
\DeclareUnicodeCharacter 


! Package inputenc Error: Unicode character —Å (U+0441)
(inputenc)                not set up for use with LaTeX.

See the inputenc package documentation for explanation.
Type  H <return>  for immediate help.
 ...                                              
                                                  
l.20 	<h2>–ù–∞—Å—Ç—Ä–æ–π–∫–∏ —Å–µ—Å
                                   —Å–∏–∏</h2>
You may provide a definition with
\DeclareUnicodeCharacter 


! Package inputenc Error: Unicode character —Å (U+0441)
(inputenc)                not set up for use with LaTeX.

See the inputenc package documentation for explanation.
Type  H <return>  for immediate help.
 ...                                              
                                                  
l.20 	<h2>–ù–∞—Å—Ç—Ä–æ–π–∫–∏ —Å–µ—Å—Å
                                     –∏–∏</h2>
You may provide a definition with
\DeclareUnicodeCharacter 


! Package inputenc Error: Unicode character –∏ (U+0438)
(inputenc)                not set up for use with LaTeX.

See the inputenc package documentation for explanation.
Type  H <return>  for immediate help.
 ...                                              
                                                  
l.20 	<h2>–ù–∞—Å—Ç—Ä–æ–π–∫–∏ —Å–µ—Å—Å–∏
                                       –∏</h2>
You may provide a definition with
\DeclareUnicodeCharacter 


! Package inputenc Error: Unicode character –∏ (U+0438)
(inputenc)                not set up for use with LaTeX.

See the inputenc package documentation for explanation.
Type  H <return>  for immediate help.
 ...                                              
                                                  
l.20 	<h2>–ù–∞—Å—Ç—Ä–æ–π–∫–∏ —Å–µ—Å—Å–∏–∏
                                         </h2>
You may provide a definition with
\DeclareUnicodeCharacter 


! Package inputenc Error: Unicode character –ò (U+0418)
(inputenc)                not set up for use with LaTeX.

See the inputenc package documentation for explanation.
Type  H <return>  for immediate help.
 ...                                              
                                                  
l.21 	<h4>–ò
            –∑–º–µ–Ω–∏—Ç—å —Ç–∏–ø—ã –∞—Ç—Ç–µ—Å—Ç–∞—Ü–∏–π</h4>
You may provide a definition with
\DeclareUnicodeCharacter 


! Package inputenc Error: Unicode character –∑ (U+0437)
(inputenc)                not set up for use with LaTeX.

See the inputenc package documentation for explanation.
Type  H <return>  for immediate help.
 ...                                              
                                                  
l.21 	<h4>–ò–∑
              –º–µ–Ω–∏—Ç—å —Ç–∏–ø—ã –∞—Ç—Ç–µ—Å—Ç–∞—Ü–∏–π</h4>
You may provide a definition with
\DeclareUnicodeCharacter 


! Package inputenc Error: Unicode character –º (U+043C)
(inputenc)                not set up for use with LaTeX.

See the inputenc package documentation for explanation.
Type  H <return>  for immediate help.
 ...                                              
                                                  
l.21 	<h4>–ò–∑–º
                –µ–Ω–∏—Ç—å —Ç–∏–ø—ã –∞—Ç—Ç–µ—Å—Ç–∞—Ü–∏–π</h4>
You may provide a definition with
\DeclareUnicodeCharacter 


! Package inputenc Error: Unicode character –µ (U+0435)
(inputenc)                not set up for use with LaTeX.

See the inputenc package documentation for explanation.
Type  H <return>  for immediate help.
 ...                                              
                                                  
l.21 	<h4>–ò–∑–º–µ
                  –Ω–∏—Ç—å —Ç–∏–ø—ã –∞—Ç—Ç–µ—Å—Ç–∞—Ü–∏–π</h4>
You may provide a definition with
\DeclareUnicodeCharacter 


! Package inputenc Error: Unicode character –Ω (U+043D)
(inputenc)                not set up for use with LaTeX.

See the inputenc package documentation for explanation.
Type  H <return>  for immediate help.
 ...                                              
                                                  
l.21 	<h4>–ò–∑–º–µ–Ω
                    –∏—Ç—å —Ç–∏–ø—ã –∞—Ç—Ç–µ—Å—Ç–∞—Ü–∏–π</h4>
You may provide a definition with
\DeclareUnicodeCharacter 


! Package inputenc Error: Unicode character –∏ (U+0438)
(inputenc)                not set up for use with LaTeX.

See the inputenc package documentation for explanation.
Type  H <return>  for immediate help.
 ...                                              
                                                  
l.21 	<h4>–ò–∑–º–µ–Ω–∏
                      —Ç—å —Ç–∏–ø—ã –∞—Ç—Ç–µ—Å—Ç–∞—Ü–∏–π</h4>
You may provide a definition with
\DeclareUnicodeCharacter 


! Package inputenc Error: Unicode character —Ç (U+0442)
(inputenc)                not set up for use with LaTeX.

See the inputenc package documentation for explanation.
Type  H <return>  for immediate help.
 ...                                              
                                                  
l.21 	<h4>–ò–∑–º–µ–Ω–∏—Ç
                        —å —Ç–∏–ø—ã –∞—Ç—Ç–µ—Å—Ç–∞—Ü–∏–π</h4>
You may provide a definition with
\DeclareUnicodeCharacter 


! Package inputenc Error: Unicode character —å (U+044C)
(inputenc)                not set up for use with LaTeX.

See the inputenc package documentation for explanation.
Type  H <return>  for immediate help.
 ...                                              
                                                  
l.21 	<h4>–ò–∑–º–µ–Ω–∏—Ç—å
                           —Ç–∏–ø—ã –∞—Ç—Ç–µ—Å—Ç–∞—Ü–∏–π</h4>
You may provide a definition with
\DeclareUnicodeCharacter 


! Package inputenc Error: Unicode character —Ç (U+0442)
(inputenc)                not set up for use with LaTeX.

See the inputenc package documentation for explanation.
Type  H <return>  for immediate help.
 ...                                              
                                                  
l.21 	<h4>–ò–∑–º–µ–Ω–∏—Ç—å —Ç
                             –∏–ø—ã –∞—Ç—Ç–µ—Å—Ç–∞—Ü–∏–π</h4>
You may provide a definition with
\DeclareUnicodeCharacter 


! Package inputenc Error: Unicode character –∏ (U+0438)
(inputenc)                not set up for use with LaTeX.

See the inputenc package documentation for explanation.
Type  H <return>  for immediate help.
 ...                                              
                                                  
l.21 	<h4>–ò–∑–º–µ–Ω–∏—Ç—å —Ç–∏
                               –ø—ã –∞—Ç—Ç–µ—Å—Ç–∞—Ü–∏–π</h4>
You may provide a definition with
\DeclareUnicodeCharacter 


! Package inputenc Error: Unicode character –ø (U+043F)
(inputenc)                not set up for use with LaTeX.

See the inputenc package documentation for explanation.
Type  H <return>  for immediate help.
 ...                                              
                                                  
l.21 	<h4>–ò–∑–º–µ–Ω–∏—Ç—å —Ç–∏–ø
                                 —ã –∞—Ç—Ç–µ—Å—Ç–∞—Ü–∏–π</h4>
(That makes 100 errors; please try again.) 
Here is how much of TeX's memory you used:
 42 strings out of 480608
 737 string characters out of 5903630
 240610 words of memory out of 5000000
 16034 multiletter control sequences out of 15000+600000
 532338 words of font info for 24 fonts, out of 8000000 for 9000
 1141 hyphenation exceptions out of 8191
 18i,1n,15p,135b,72s stack positions out of 5000i,500n,10000p,200000b,80000s

!  ==> Fatal error occurred, no output PDF file produced!
